<?xml version="1.0" encoding="UTF-8"?>
<testsuite xmlns:xsi="http://www.w3.org/2001/XMLSchema-instance" xsi:noNamespaceSchemaLocation="https://maven.apache.org/surefire/maven-surefire-plugin/xsd/surefire-test-report.xsd" name="com.ethicalhacking.twittertextfuzzing.AppTest" time="0.119" tests="1" errors="0" skipped="0" failures="0">
  <properties>
    <property name="java.specification.version" value="13"/>
    <property name="sun.cpu.isalist" value="amd64"/>
    <property name="sun.jnu.encoding" value="Cp1252"/>
    <property name="java.class.path" value="C:\Users\bjorn\Documents\GitHub\twitter-text\twitter-text-fuzzing\target\test-classes;C:\Users\bjorn\Documents\GitHub\twitter-text\twitter-text-fuzzing\target\classes;C:\Users\bjorn\.m2\repository\com\twitter\twittertext\twitter-text\3.1.0\twitter-text-3.1.0.jar;C:\Users\bjorn\.m2\repository\com\google\code\findbugs\jsr305\2.0.1\jsr305-2.0.1.jar;C:\Users\bjorn\.m2\repository\junit\junit\4.11\junit-4.11.jar;C:\Users\bjorn\.m2\repository\org\hamcrest\hamcrest-core\1.3\hamcrest-core-1.3.jar;"/>
    <property name="java.vm.vendor" value="Oracle Corporation"/>
    <property name="sun.arch.data.model" value="64"/>
    <property name="user.variant" value=""/>
    <property name="java.vendor.url" value="https://java.oracle.com/"/>
    <property name="user.timezone" value="Europe/Berlin"/>
    <property name="user.country.format" value="DK"/>
    <property name="os.name" value="Windows 10"/>
    <property name="java.vm.specification.version" value="13"/>
    <property name="sun.java.launcher" value="SUN_STANDARD"/>
    <property name="user.country" value="US"/>
    <property name="sun.boot.library.path" value="C:\Program Files\Java\jdk-13.0.2\bin"/>
    <property name="sun.java.command" value="C:\Users\bjorn\AppData\Local\Temp\surefire1478933321369739282\surefirebooter8127507203173553542.jar C:\Users\bjorn\AppData\Local\Temp\surefire1478933321369739282 2023-04-24T21-42-02_755-jvmRun1 surefire1155106364670274922tmp surefire_08736238541753014105tmp"/>
    <property name="jdk.debug" value="release"/>
    <property name="surefire.test.class.path" value="C:\Users\bjorn\Documents\GitHub\twitter-text\twitter-text-fuzzing\target\test-classes;C:\Users\bjorn\Documents\GitHub\twitter-text\twitter-text-fuzzing\target\classes;C:\Users\bjorn\.m2\repository\com\twitter\twittertext\twitter-text\3.1.0\twitter-text-3.1.0.jar;C:\Users\bjorn\.m2\repository\com\google\code\findbugs\jsr305\2.0.1\jsr305-2.0.1.jar;C:\Users\bjorn\.m2\repository\junit\junit\4.11\junit-4.11.jar;C:\Users\bjorn\.m2\repository\org\hamcrest\hamcrest-core\1.3\hamcrest-core-1.3.jar;"/>
    <property name="sun.cpu.endian" value="little"/>
    <property name="user.home" value="C:\Users\bjorn"/>
    <property name="user.language" value="en"/>
    <property name="java.specification.vendor" value="Oracle Corporation"/>
    <property name="java.version.date" value="2020-01-14"/>
    <property name="java.home" value="C:\Program Files\Java\jdk-13.0.2"/>
    <property name="file.separator" value="\"/>
    <property name="basedir" value="C:\Users\bjorn\Documents\GitHub\twitter-text\twitter-text-fuzzing"/>
    <property name="java.vm.compressedOopsMode" value="Zero based"/>
    <property name="line.separator" value="&#10;"/>
    <property name="java.vm.specification.vendor" value="Oracle Corporation"/>
    <property name="java.specification.name" value="Java Platform API Specification"/>
    <property name="surefire.real.class.path" value="C:\Users\bjorn\AppData\Local\Temp\surefire1478933321369739282\surefirebooter8127507203173553542.jar"/>
    <property name="user.script" value=""/>
    <property name="sun.management.compiler" value="HotSpot 64-Bit Tiered Compilers"/>
    <property name="java.runtime.version" value="13.0.2+8"/>
    <property name="user.name" value="BjÃ¸rnar"/>
    <property name="path.separator" value=";"/>
    <property name="os.version" value="10.0"/>
    <property name="java.runtime.name" value="Java(TM) SE Runtime Environment"/>
    <property name="file.encoding" value="UTF-8"/>
    <property name="java.vm.name" value="Java HotSpot(TM) 64-Bit Server VM"/>
    <property name="localRepository" value="C:\Users\bjorn\.m2\repository"/>
    <property name="java.vendor.url.bug" value="https://bugreport.java.com/bugreport/"/>
    <property name="java.io.tmpdir" value="C:\Users\bjorn\AppData\Local\Temp\"/>
    <property name="java.version" value="13.0.2"/>
    <property name="user.dir" value="C:\Users\bjorn\Documents\GitHub\twitter-text\twitter-text-fuzzing"/>
    <property name="os.arch" value="amd64"/>
    <property name="java.vm.specification.name" value="Java Virtual Machine Specification"/>
    <property name="sun.os.patch.level" value=""/>
    <property name="java.library.path" value="C:\Program Files\Java\jdk-13.0.2\bin;C:\WINDOWS\Sun\Java\bin;C:\WINDOWS\system32;C:\WINDOWS;C:\Program Files\Common Files\Oracle\Java\javapath;C:\Python39\Scripts\;C:\Python39\;C:\Program Files\Java\jdk-17.0.2;C:\WINDOWS\system32;C:\WINDOWS;C:\WINDOWS\System32\Wbem;C:\WINDOWS\System32\WindowsPowerShell\v1.0\;C:\WINDOWS\System32\OpenSSH\;C:\Program Files\Git\cmd;C:\Program Files\dotnet\;C:\Program Files\PostgreSQL\12\bin;C:\Program Files\Microsoft SQL Server\Client SDK\ODBC\170\Tools\Binn\;C:\Program Files (x86)\Microsoft SQL Server\150\Tools\Binn\;C:\Program Files\Microsoft SQL Server\150\Tools\Binn\;C:\Program Files\Microsoft SQL Server\150\DTS\Binn\;C:\Program Files (x86)\Microsoft SQL Server\150\DTS\Binn\;C:\Program Files\Microsoft SQL Server\130\Tools\Binn\;C:\Program Files (x86)\dotnet\;C:\HashiCorp\Vagrant\bin;C:\Strawberry\c\bin;C:\Strawberry\perl\site\bin;C:\Strawberry\perl\bin;C:\Program Files\nodejs\;C:\ProgramData\chocolatey\bin;?C:\Users\bjorn\Documents\Nuget;C:\Program Files (x86)\Microsoft Visual Studio\2019\Community\Common7\IDE\CommonExtensions\Microsoft\FSharp\Tools;C:\Users\bjorn\Documents\GitHub\ProgramsAsDataCode\fsharp\;C:\Program Files\Mono\bin;C:\Program Files\scala-cli-x86_64-pc-win32\;C:\Users\bjorn\gradle-7.5.1\bin;C:\Program Files\Java\jdk-13.0.2\bin;;C:\Program Files\Docker\Docker\resources\bin;C:\Program Files\GitHub CLI\;C:\Users\bjorn\AppData\Local\Programs\MiKTeX\miktex\bin\x64\;C:\texlive\2021\bin\win32;C:\Ruby30-x64\bin;C:\Users\bjorn\AppData\Local\Microsoft\WindowsApps;C:\Program Files\JetBrains\IntelliJ IDEA 2019.3.4\bin;C:\Users\bjorn\AppData\Local\GitHubDesktop\bin;C:\Users\bjorn\AppData\Local\Programs\Microsoft VS Code\bin;C:\Users\bjorn\AppData\Local\Microsoft\WindowsApps;C:\Users\bjorn\.dotnet\tools;C:\Users\bjorn\AppData\Local\Programs\Azure Data Studio\bin;C:\Users\bjorn\AppData\Roaming\npm;?C:\Users\bjorn\Documents\Nuget;C:\Program Files\OpenSSL-Win64\bin;C:\Program Files\apache-maven-3.9.1\bin;."/>
    <property name="java.vm.info" value="mixed mode, sharing"/>
    <property name="java.vendor" value="Oracle Corporation"/>
    <property name="java.vm.version" value="13.0.2+8"/>
    <property name="sun.io.unicode.encoding" value="UnicodeLittle"/>
    <property name="java.class.version" value="57.0"/>
  </properties>
  <testcase name="shouldAnswerWithTrue" classname="com.ethicalhacking.twittertextfuzzing.AppTest" time="0.003"/>
</testsuite>